<?xml version="1.0" encoding="UTF-8"?>
<!-- Generated by org.testng.reporters.JUnitReportReporter -->
<testsuite hostname="DESKTOP-SH1FQQ4" failures="0" tests="3" name="LearnEasyWay.RegisterTest_Ninja" time="17.239" errors="0" timestamp="2022-12-28T04:50:35 EST" skipped="0">
  <testcase classname="LearnEasyWay.RegisterTest_Ninja" name="VerifyRegisterWithMandatoryFields" time="6.732"/>
  <system-out/>
  <testcase classname="LearnEasyWay.RegisterTest_Ninja" name="VerifyRegisterWithAllFields" time="5.510"/>
  <system-out/>
  <testcase classname="LearnEasyWay.RegisterTest_Ninja" name="VerifyRegisterWithoutFeelingAnyFields" time="4.997"/>
  <system-out/>
</testsuite> <!-- LearnEasyWay.RegisterTest_Ninja -->
