<?xml version="1.0" encoding="UTF-8"?>
<!-- Generated by org.testng.reporters.JUnitReportReporter -->
<testsuite hostname="DESKTOP-SH1FQQ4" failures="0" tests="3" name="com.tutorialsninja.testcases.SearchTest" time="11.255" errors="0" timestamp="2022-12-29T03:27:20 EST" skipped="0">
  <testcase classname="com.tutorialsninja.testcases.SearchTest" name="verifySearchWithValidProducts" time="3.672"/>
  <system-out/>
  <testcase classname="com.tutorialsninja.testcases.SearchTest" name="verifySearchWithInvalidProducts" time="3.895"/>
  <system-out/>
  <testcase classname="com.tutorialsninja.testcases.SearchTest" name="verifySearchWithNoProducts" time="3.688"/>
  <system-out/>
</testsuite> <!-- com.tutorialsninja.testcases.SearchTest -->
