<?xml version="1.0" encoding="UTF-8"?>
<!-- Generated by org.testng.reporters.JUnitReportReporter -->
<testsuite hostname="DESKTOP-SH1FQQ4" failures="0" tests="5" name="LearnEasyWay.LoginTest_Ninja" time="22.822" errors="0" timestamp="2022-12-28T04:51:46 EST" skipped="0">
  <testcase classname="LearnEasyWay.LoginTest_Ninja" name="VerifyLoginWithValidCredentials" time="4.550"/>
  <system-out/>
  <testcase classname="LearnEasyWay.LoginTest_Ninja" name="VerifyLoginWithInvalidCredentials" time="4.297"/>
  <system-out/>
  <testcase classname="LearnEasyWay.LoginTest_Ninja" name="VerifyLoginWithInvalidEmailValidPassword" time="5.479"/>
  <system-out/>
  <testcase classname="LearnEasyWay.LoginTest_Ninja" name="VerifyLoginWithValidEmailInvalidPassword" time="4.306"/>
  <system-out/>
  <testcase classname="LearnEasyWay.LoginTest_Ninja" name="VerifyLoginWithNoCredentials" time="4.190"/>
  <system-out/>
</testsuite> <!-- LearnEasyWay.LoginTest_Ninja -->
