<?xml version="1.0" encoding="UTF-8"?>
<!-- Generated by org.testng.reporters.JUnitReportReporter -->
<testsuite hostname="DESKTOP-SH1FQQ4" failures="0" tests="3" name="com.tutorialsninja.testcases.RegisterTest" time="15.593" errors="0" timestamp="2022-12-29T03:27:20 EST" skipped="0">
  <testcase classname="com.tutorialsninja.testcases.RegisterTest" name="VerifyRegisterWithMandatoryFields" time="5.429"/>
  <system-out/>
  <testcase classname="com.tutorialsninja.testcases.RegisterTest" name="VerifyRegisterWithAllFields" time="5.510"/>
  <system-out/>
  <testcase classname="com.tutorialsninja.testcases.RegisterTest" name="VerifyRegisterWithoutFeelingAnyFields" time="4.654"/>
  <system-out/>
</testsuite> <!-- com.tutorialsninja.testcases.RegisterTest -->
