<?xml version="1.0" encoding="UTF-8"?>
<!-- Generated by org.testng.reporters.JUnitReportReporter -->
<testsuite hostname="DESKTOP-SH1FQQ4" failures="0" tests="5" name="com.tutorialsninja.testcases.Login_Test" time="22.820" errors="0" timestamp="2022-12-29T03:27:20 EST" skipped="0">
  <testcase classname="com.tutorialsninja.testcases.Login_Test" name="VerifyLoginWithValidCredentials" time="4.445"/>
  <system-out/>
  <testcase classname="com.tutorialsninja.testcases.Login_Test" name="VerifyLoginWithInvalidCredentials" time="5.733"/>
  <system-out/>
  <testcase classname="com.tutorialsninja.testcases.Login_Test" name="VerifyLoginWithInvalidEmailValidPassword" time="4.245"/>
  <system-out/>
  <testcase classname="com.tutorialsninja.testcases.Login_Test" name="VerifyLoginWithValidEmailInvalidPassword" time="4.255"/>
  <system-out/>
  <testcase classname="com.tutorialsninja.testcases.Login_Test" name="VerifyLoginWithNoCredentials" time="4.142"/>
  <system-out/>
</testsuite> <!-- com.tutorialsninja.testcases.Login_Test -->
